<?xml version="1.0" encoding="UTF-8" ?>
<testsuite errors="0" failures="0" hostname="ine" name="domain.EightPuzzleGameTest" skipped="0" tests="6" time="0.155" timestamp="2017-05-02T12:16:27">
  <properties>
    <property name="ant.project.invoked-targets" value="all-report" />
    <property name="java.runtime.name" value="OpenJDK Runtime Environment" />
    <property name="sun.boot.library.path" value="/usr/lib/jvm/java-8-openjdk-amd64/jre/lib/amd64" />
    <property name="java.vm.version" value="25.121-b13" />
    <property name="ant.library.dir" value="/home/100000000243152/Downloads/eclipse/plugins/org.apache.ant_1.9.6.v201510161327/lib" />
    <property name="test.home" value="/media/12104064/6559-AC7F/workspace/EightPuzzleGame/testes" />
    <property name="ant.version" value="Apache Ant(TM) version 1.9.6 compiled on June 29 2015" />
    <property name="ant.java.version" value="1.8" />
    <property name="java.vm.vendor" value="Oracle Corporation" />
    <property name="java.vendor.url" value="http://java.oracle.com/" />
    <property name="path.separator" value=":" />
    <property name="java.vm.name" value="OpenJDK 64-Bit Server VM" />
    <property name="file.encoding.pkg" value="sun.io" />
    <property name="user.country" value="BR" />
    <property name="sun.java.launcher" value="SUN_STANDARD" />
    <property name="sun.os.patch.level" value="unknown" />
    <property name="java.vm.specification.name" value="Java Virtual Machine Specification" />
    <property name="user.dir" value="/media/12104064/6559-AC7F/workspace/EightPuzzleGame/scova" />
    <property name="java.runtime.version" value="1.8.0_121-8u121-b13-0ubuntu1.16.04.2-b13" />
    <property name="java.awt.graphicsenv" value="sun.awt.X11GraphicsEnvironment" />
    <property name="basedir" value="/media/12104064/6559-AC7F/code/scova/build" />
    <property name="java.endorsed.dirs" value="/usr/lib/jvm/java-8-openjdk-amd64/jre/lib/endorsed" />
    <property name="os.arch" value="amd64" />
    <property name="ant.project.default-target" value="all" />
    <property name="java.io.tmpdir" value="/tmp" />
    <property name="ant.core.lib" value="/home/100000000243152/Downloads/eclipse/plugins/org.apache.ant_1.9.6.v201510161327/lib/ant.jar" />
    <property name="line.separator" value="&#xa;" />
    <property name="java.vm.specification.vendor" value="Oracle Corporation" />
    <property name="os.name" value="Linux" />
    <property name="ant.home" value="/home/100000000243152/Downloads/eclipse/plugins/org.apache.ant_1.9.6.v201510161327" />
    <property name="project.output.folder" value="/media/12104064/6559-AC7F/workspace/EightPuzzleGame/scova" />
    <property name="scova.classpath" value="../bin;../deps/asm-debug-all-4.1.jar;../deps/commons-io-2.4.jar;../deps/junit-4.10.jar;C:/Users/Aniceto/workspace/junit_original/lib/hamcrest-core-1.3.jar" />
    <property name="sun.jnu.encoding" value="UTF-8" />
    <property name="java.library.path" value="/usr/java/packages/lib/amd64:/usr/lib/x86_64-linux-gnu/jni:/lib/x86_64-linux-gnu:/usr/lib/x86_64-linux-gnu:/usr/lib/jni:/lib:/usr/lib" />
    <property name="java.class.version" value="52.0" />
    <property name="java.specification.name" value="Java Platform API Specification" />
    <property name="sun.management.compiler" value="HotSpot 64-Bit Tiered Compilers" />
    <property name="project.output.classpath" value="/media/12104064/6559-AC7F/workspace/EightPuzzleGame/scova" />
    <property name="os.version" value="4.4.0-31-generic" />
    <property name="ant.file" value="/media/12104064/6559-AC7F/code/scova/build/build.xml" />
    <property name="user.home" value="/home/100000000243152" />
    <property name="user.timezone" value="" />
    <property name="java.awt.printerjob" value="sun.print.PSPrinterJob" />
    <property name="java.specification.version" value="1.8" />
    <property name="file.encoding" value="UTF-8" />
    <property name="project.input.classpath" value="/media/12104064/6559-AC7F/workspace/EightPuzzleGame/bin:/home/100000000243152/Downloads/eclipse/plugins/org.junit_4.12.0.v201504281640/junit.jar:/home/100000000243152/Downloads/eclipse/plugins/org.hamcrest.core_1.3.0.v201303031735.jar" />
    <property name="java.class.path" value="/media/12104064/6559-AC7F/workspace/EightPuzzleGame/scova:/media/12104064/6559-AC7F/code/scova/lib/bin:/media/12104064/6559-AC7F/code/scova/deps/junit-4.10.jar:/home/100000000243152/Downloads/eclipse/plugins/org.apache.ant_1.9.6.v201510161327/lib/ant-launcher.jar:/home/100000000243152/Downloads/eclipse/plugins/org.apache.ant_1.9.6.v201510161327/lib/ant.jar:/home/100000000243152/Downloads/eclipse/plugins/org.apache.ant_1.9.6.v201510161327/lib/ant-junit.jar:/home/100000000243152/Downloads/eclipse/plugins/org.apache.ant_1.9.6.v201510161327/lib/ant-junit4.jar" />
    <property name="user.name" value="12104064" />
    <property name="java.vm.specification.version" value="1.8" />
    <property name="java.home" value="/usr/lib/jvm/java-8-openjdk-amd64/jre" />
    <property name="sun.java.command" value="org.apache.tools.ant.taskdefs.optional.junit.JUnitTestRunner domain.EightPuzzleGameTest skipNonTests=false filtertrace=true haltOnError=false haltOnFailure=false formatter=org.apache.tools.ant.taskdefs.optional.junit.OutErrSummaryJUnitResultFormatter showoutput=true outputtoformatters=true logfailedtests=true threadid=0 logtestlistenerevents=false formatter=org.apache.tools.ant.taskdefs.optional.junit.XMLJUnitResultFormatter,/media/12104064/6559-AC7F/workspace/EightPuzzleGame/scova/TEST-domain.EightPuzzleGameTest.xml crashfile=/media/12104064/6559-AC7F/code/scova/build/junitvmwatcher9101584913621722050.properties propsfile=/media/12104064/6559-AC7F/code/scova/build/junit3995796002306496525.properties" />
    <property name="sun.arch.data.model" value="64" />
    <property name="project.input.folder" value="/media/12104064/6559-AC7F/workspace/EightPuzzleGame/bin" />
    <property name="user.language" value="pt" />
    <property name="java.specification.vendor" value="Oracle Corporation" />
    <property name="awt.toolkit" value="sun.awt.X11.XToolkit" />
    <property name="java.vm.info" value="mixed mode" />
    <property name="&lt;!--properties" value="for eight puzzle--&gt;" />
    <property name="java.version" value="1.8.0_121" />
    <property name="java.ext.dirs" value="/usr/lib/jvm/java-8-openjdk-amd64/jre/lib/ext:/usr/java/packages/lib/ext" />
    <property name="sun.boot.class.path" value="/usr/lib/jvm/java-8-openjdk-amd64/jre/lib/resources.jar:/usr/lib/jvm/java-8-openjdk-amd64/jre/lib/rt.jar:/usr/lib/jvm/java-8-openjdk-amd64/jre/lib/sunrsasign.jar:/usr/lib/jvm/java-8-openjdk-amd64/jre/lib/jsse.jar:/usr/lib/jvm/java-8-openjdk-amd64/jre/lib/jce.jar:/usr/lib/jvm/java-8-openjdk-amd64/jre/lib/charsets.jar:/usr/lib/jvm/java-8-openjdk-amd64/jre/lib/jfr.jar:/usr/lib/jvm/java-8-openjdk-amd64/jre/classes" />
    <property name="java.vendor" value="Oracle Corporation" />
    <property name="file.separator" value="/" />
    <property name="java.vendor.url.bug" value="http://bugreport.sun.com/bugreport/" />
    <property name="sun.io.unicode.encoding" value="UnicodeLittle" />
    <property name="sun.cpu.endian" value="little" />
    <property name="sun.desktop" value="gnome" />
    <property name="sun.cpu.isalist" value="" />
  </properties>
  <testcase classname="domain.EightPuzzleGameTest" name="moveDownTest" time="0.022" />
  <testcase classname="domain.EightPuzzleGameTest" name="moveNullTest" time="0.013" />
  <testcase classname="domain.EightPuzzleGameTest" name="putTilesInTheBoard" time="0.011" />
  <testcase classname="domain.EightPuzzleGameTest" name="moveUpTest" time="0.009" />
  <testcase classname="domain.EightPuzzleGameTest" name="moveLeftTest" time="0.016" />
  <testcase classname="domain.EightPuzzleGameTest" name="moveRightTest" time="0.011" />
  <system-out><![CDATA[
Inicio do teste -> moveDownTest
(1,1):1   (1,2):2   (1,3):   
(2,1):4   (2,2):5   (2,3):3   
(3,1):7   (3,2):8   (3,3):6   

--------------------------------------
Begin test capture for : domain/EightPuzzleGameTest.moveDownTest()V
(1,1):1   (1,2):2   (1,3):3   
(2,1):4   (2,2):5   (2,3):   
(3,1):7   (3,2):8   (3,3):6   

State Coverage Report for domain/EightPuzzleGameTest.moveDownTest()V
Modified states: 4 [ "domain/Position.column", "domain/Position.line", "domain/Cell.tile", "domain/PuzzleGame.emptyCell" ]
Covered states: 3 [ "domain/Position.line", "domain/EightPuzzleGameTest.pg", "domain/PuzzleGame.emptyCell" ]
State Coverage: 0.5
End test capture for : domain/EightPuzzleGameTest.moveDownTest()V
--------------------------------------
Fim do teste 	-> moveDownTest

Inicio do teste -> moveNullTest
(1,1):1   (1,2):2   (1,3):   
(2,1):4   (2,2):5   (2,3):3   
(3,1):7   (3,2):8   (3,3):6   

--------------------------------------
Begin test capture for : domain/EightPuzzleGameTest.moveNullTest()V
(1,1):1   (1,2):2   (1,3):   
(2,1):4   (2,2):5   (2,3):3   
(3,1):7   (3,2):8   (3,3):6   

State Coverage Report for domain/EightPuzzleGameTest.moveNullTest()V
Modified states: 0 [  ]
Covered states: 2 [ "domain/EightPuzzleGameTest.pg", "RIGHT" ]
State Coverage: 0.0
End test capture for : domain/EightPuzzleGameTest.moveNullTest()V
--------------------------------------
Fim do teste 	-> moveNullTest

Inicio do teste -> putTilesInTheBoard
(1,1):1   (1,2):2   (1,3):3   
(2,1):4   (2,2):5   (2,3):6   
(3,1):   (3,2):7   (3,3):8   

--------------------------------------
Begin test capture for : domain/EightPuzzleGameTest.putTilesInTheBoard()V
(1,1):10   (1,2):11   (1,3):12   
(2,1):13   (2,2):14   (2,3):15   
(3,1):16   (3,2):17   (3,3):8   

State Coverage Report for domain/EightPuzzleGameTest.putTilesInTheBoard()V
Modified states: 5 [ "domain/Tile.hash", "domain/Position.column", "domain/Position.line", "domain/Tile.number", "domain/Cell.tile" ]
Covered states: 2 [ "domain/EightPuzzleGameTest.pg", "domain/PuzzleGame.board" ]
State Coverage: 0.0
End test capture for : domain/EightPuzzleGameTest.putTilesInTheBoard()V
--------------------------------------
Fim do teste 	-> putTilesInTheBoard

Inicio do teste -> moveUpTest
(1,1):1   (1,2):2   (1,3):3   
(2,1):4   (2,2):5   (2,3):6   
(3,1):7   (3,2):8   (3,3):   

--------------------------------------
Begin test capture for : domain/EightPuzzleGameTest.moveUpTest()V
(1,1):1   (1,2):2   (1,3):3   
(2,1):4   (2,2):5   (2,3):   
(3,1):7   (3,2):8   (3,3):6   

State Coverage Report for domain/EightPuzzleGameTest.moveUpTest()V
Modified states: 4 [ "domain/Position.column", "domain/Position.line", "domain/Cell.tile", "domain/PuzzleGame.emptyCell" ]
Covered states: 3 [ "domain/Position.line", "domain/EightPuzzleGameTest.pg", "domain/PuzzleGame.emptyCell" ]
State Coverage: 0.5
End test capture for : domain/EightPuzzleGameTest.moveUpTest()V
--------------------------------------
Fim do teste 	-> moveUpTest

Inicio do teste -> moveLeftTest
(1,1):1   (1,2):2   (1,3):3   
(2,1):4   (2,2):   (2,3):5   
(3,1):7   (3,2):8   (3,3):6   

--------------------------------------
Begin test capture for : domain/EightPuzzleGameTest.moveLeftTest()V
(1,1):1   (1,2):2   (1,3):3   
(2,1):   (2,2):4   (2,3):5   
(3,1):7   (3,2):8   (3,3):6   

State Coverage Report for domain/EightPuzzleGameTest.moveLeftTest()V
Modified states: 4 [ "domain/Position.column", "domain/Position.line", "domain/Cell.tile", "domain/PuzzleGame.emptyCell" ]
Covered states: 3 [ "domain/Position.column", "domain/EightPuzzleGameTest.pg", "domain/PuzzleGame.emptyCell" ]
State Coverage: 0.5
End test capture for : domain/EightPuzzleGameTest.moveLeftTest()V
--------------------------------------
Fim do teste 	-> moveLeftTest

Inicio do teste -> moveRightTest
(1,1):1   (1,2):2   (1,3):   
(2,1):4   (2,2):5   (2,3):3   
(3,1):7   (3,2):8   (3,3):6   

--------------------------------------
Begin test capture for : domain/EightPuzzleGameTest.moveRightTest()V
(1,1):1   (1,2):2   (1,3):   
(2,1):4   (2,2):5   (2,3):3   
(3,1):7   (3,2):8   (3,3):6   

State Coverage Report for domain/EightPuzzleGameTest.moveRightTest()V
Modified states: 0 [  ]
Covered states: 3 [ "domain/Position.column", "domain/EightPuzzleGameTest.pg", "domain/PuzzleGame.emptyCell" ]
State Coverage: 0.0
End test capture for : domain/EightPuzzleGameTest.moveRightTest()V
--------------------------------------
Fim do teste 	-> moveRightTest
]]></system-out>
  <system-err><![CDATA[]]></system-err>
</testsuite>
