<?xml version="1.0" encoding="UTF-8" ?>
<testsuite errors="1" failures="0" hostname="user-W110ER" name="testes.TesteMercadoComProduto" skipped="0" tests="1" time="0.0" timestamp="2017-05-13T21:13:16">
  <properties>
    <property name="java.vendor" value="Oracle Corporation" />
    <property name="sun.java.launcher" value="SUN_STANDARD" />
    <property name="sun.management.compiler" value="HotSpot 64-Bit Tiered Compilers" />
    <property name="os.name" value="Linux" />
    <property name="sun.boot.class.path" value="/usr/lib/jvm/java-8-openjdk-amd64/jre/lib/resources.jar:/usr/lib/jvm/java-8-openjdk-amd64/jre/lib/rt.jar:/usr/lib/jvm/java-8-openjdk-amd64/jre/lib/sunrsasign.jar:/usr/lib/jvm/java-8-openjdk-amd64/jre/lib/jsse.jar:/usr/lib/jvm/java-8-openjdk-amd64/jre/lib/jce.jar:/usr/lib/jvm/java-8-openjdk-amd64/jre/lib/charsets.jar:/usr/lib/jvm/java-8-openjdk-amd64/jre/lib/jfr.jar:/usr/lib/jvm/java-8-openjdk-amd64/jre/classes" />
    <property name="sun.desktop" value="gnome" />
    <property name="&lt;!--properties" value="for eight puzzle--&gt;" />
    <property name="java.vm.specification.vendor" value="Oracle Corporation" />
    <property name="ant.home" value="/home/user/Programas/eclipse/plugins/org.apache.ant_1.9.6.v201510161327" />
    <property name="project.input.classpath" value="/media/user/6559-AC7F/workspace/INE5448/leilao/bin:/home/user/Programas/eclipse/plugins/org.junit_4.12.0.v201504281640/junit.jar:/home/user/Programas/eclipse/plugins/org.hamcrest.core_1.3.0.v201303031735.jar" />
    <property name="java.runtime.version" value="1.8.0_131-8u131-b11-0ubuntu1.16.04.2-b11" />
    <property name="&lt;!--project.input.classpath" value="/media/12104064/6559-AC7F/workspace/EightPuzzleGame/bin:/home/100000000243152/Downloads/eclipse/plugins/org.junit_4.12.0.v201504281640/junit.jar:/home/100000000243152/Downloads/eclipse/plugins/org.hamcrest.core_1.3.0.v201303031735.jar --&gt;" />
    <property name="user.name" value="user" />
    <property name="user.language" value="pt" />
    <property name="sun.boot.library.path" value="/usr/lib/jvm/java-8-openjdk-amd64/jre/lib/amd64" />
    <property name="ant.project.default-target" value="all" />
    <property name="java.version" value="1.8.0_131" />
    <property name="scova.classpath" value="../bin;../deps/asm-debug-all-4.1.jar;../deps/commons-io-2.4.jar;../deps/junit-4.10.jar;C:/Users/Aniceto/workspace/junit_original/lib/hamcrest-core-1.3.jar" />
    <property name="user.timezone" value="" />
    <property name="sun.arch.data.model" value="64" />
    <property name="project.input.folder" value="/media/user/6559-AC7F/workspace/INE5448/leilao/bin" />
    <property name="java.endorsed.dirs" value="/usr/lib/jvm/java-8-openjdk-amd64/jre/lib/endorsed" />
    <property name="sun.cpu.isalist" value="" />
    <property name="sun.jnu.encoding" value="UTF-8" />
    <property name="file.encoding.pkg" value="sun.io" />
    <property name="file.separator" value="/" />
    <property name="java.specification.name" value="Java Platform API Specification" />
    <property name="java.class.version" value="52.0" />
    <property name="user.country" value="BR" />
    <property name="java.home" value="/usr/lib/jvm/java-8-openjdk-amd64/jre" />
    <property name="&lt;!--project.input.folder" value="/media/12104064/6559-AC7F/workspace/EightPuzzleGame/bin                       --&gt;" />
    <property name="java.vm.info" value="mixed mode" />
    <property name="ant.file" value="/media/user/6559-AC7F/workspace/INE5448/scova/build/build.xml" />
    <property name="os.version" value="4.4.0-77-generic" />
    <property name="test.home" value="/media/user/6559-AC7F/workspace/INE5448/leilao/testes" />
    <property name="path.separator" value=":" />
    <property name="java.vm.version" value="25.131-b11" />
    <property name="ant.library.dir" value="/home/user/Programas/eclipse/plugins/org.apache.ant_1.9.6.v201510161327/lib" />
    <property name="java.awt.printerjob" value="sun.print.PSPrinterJob" />
    <property name="sun.io.unicode.encoding" value="UnicodeLittle" />
    <property name="awt.toolkit" value="sun.awt.X11.XToolkit" />
    <property name="project.output.classpath" value="/media/user/pwd6559-AC7F/workspace/INE5448/leilao/scova" />
    <property name="user.home" value="/home/user" />
    <property name="java.specification.vendor" value="Oracle Corporation" />
    <property name="java.library.path" value="/usr/java/packages/lib/amd64:/usr/lib/x86_64-linux-gnu/jni:/lib/x86_64-linux-gnu:/usr/lib/x86_64-linux-gnu:/usr/lib/jni:/lib:/usr/lib" />
    <property name="java.vendor.url" value="http://java.oracle.com/" />
    <property name="java.vm.vendor" value="Oracle Corporation" />
    <property name="java.runtime.name" value="OpenJDK Runtime Environment" />
    <property name="sun.java.command" value="org.apache.tools.ant.taskdefs.optional.junit.JUnitTestRunner testes.TesteMercadoComProduto skipNonTests=false filtertrace=true haltOnError=false haltOnFailure=false formatter=org.apache.tools.ant.taskdefs.optional.junit.OutErrSummaryJUnitResultFormatter showoutput=true outputtoformatters=true logfailedtests=true threadid=0 logtestlistenerevents=false formatter=org.apache.tools.ant.taskdefs.optional.junit.XMLJUnitResultFormatter,/media/user/6559-AC7F/workspace/INE5448/leilao/scova/TEST-testes.TesteMercadoComProduto.xml crashfile=/media/user/6559-AC7F/workspace/INE5448/scova/build/junitvmwatcher162721200507358337.properties propsfile=/media/user/6559-AC7F/workspace/INE5448/scova/build/junit4156539062481048260.properties" />
    <property name="java.class.path" value="/media/user/6559-AC7F/workspace/INE5448/scova/lib/bin:/media/user/6559-AC7F/workspace/INE5448/scova/deps/junit-4.10.jar:/home/user/Programas/eclipse/plugins/org.apache.ant_1.9.6.v201510161327/lib/ant-launcher.jar:/home/user/Programas/eclipse/plugins/org.apache.ant_1.9.6.v201510161327/lib/ant.jar:/home/user/Programas/eclipse/plugins/org.apache.ant_1.9.6.v201510161327/lib/ant-junit.jar:/home/user/Programas/eclipse/plugins/org.apache.ant_1.9.6.v201510161327/lib/ant-junit4.jar" />
    <property name="ant.version" value="Apache Ant(TM) version 1.9.6 compiled on June 29 2015" />
    <property name="&lt;!--test.home" value="/media/12104064/6559-AC7F/workspace/EightPuzzleGame/testes                            --&gt;" />
    <property name="java.vm.specification.name" value="Java Virtual Machine Specification" />
    <property name="java.vm.specification.version" value="1.8" />
    <property name="sun.cpu.endian" value="little" />
    <property name="sun.os.patch.level" value="unknown" />
    <property name="java.io.tmpdir" value="/tmp" />
    <property name="java.vendor.url.bug" value="http://bugreport.sun.com/bugreport/" />
    <property name="project.output.folder" value="/media/user/6559-AC7F/workspace/INE5448/leilao/scova" />
    <property name="os.arch" value="amd64" />
    <property name="java.awt.graphicsenv" value="sun.awt.X11GraphicsEnvironment" />
    <property name="java.ext.dirs" value="/usr/lib/jvm/java-8-openjdk-amd64/jre/lib/ext:/usr/java/packages/lib/ext" />
    <property name="user.dir" value="/media/user/6559-AC7F/workspace/INE5448/leilao/scova" />
    <property name="line.separator" value="&#xa;" />
    <property name="java.vm.name" value="OpenJDK 64-Bit Server VM" />
    <property name="&lt;!--project.output.classpath" value="/media/12104064/6559-AC7F/workspace/EightPuzzleGame/scova                 --&gt;" />
    <property name="basedir" value="/media/user/6559-AC7F/workspace/INE5448/scova/build" />
    <property name="ant.java.version" value="1.8" />
    <property name="&lt;!--project.output.folder" value="/media/12104064/6559-AC7F/workspace/EightPuzzleGame/scova                    --&gt;" />
    <property name="ant.core.lib" value="/home/user/Programas/eclipse/plugins/org.apache.ant_1.9.6.v201510161327/lib/ant.jar" />
    <property name="file.encoding" value="UTF-8" />
    <property name="java.specification.version" value="1.8" />
    <property name="ant.project.invoked-targets" value="all-report" />
  </properties>
  <error message="testes.TesteMercadoComProduto" type="java.lang.ClassNotFoundException">java.lang.ClassNotFoundException: testes.TesteMercadoComProduto
	at java.net.URLClassLoader.findClass(URLClassLoader.java:381)
	at java.lang.ClassLoader.loadClass(ClassLoader.java:424)
	at sun.misc.Launcher$AppClassLoader.loadClass(Launcher.java:335)
	at java.lang.ClassLoader.loadClass(ClassLoader.java:357)
	at java.lang.Class.forName0(Native Method)
	at java.lang.Class.forName(Class.java:264)
</error>
  <system-out><![CDATA[]]></system-out>
  <system-err><![CDATA[]]></system-err>
</testsuite>
